# JRE version: OpenJDK Runtime Environment (8.0_152-b02) (build 1.8.0_152-release-1024-b02)
# Java VM: OpenJDK 64-Bit Server VM (25.152-b02 mixed mode windows-amd64 compressed oops)
Heap:
 PSYoungGen      total 57344K, used 31212K [0x00000000e0000000, 0x00000000e6a00000, 0x0000000100000000)
  eden space 26112K, 0% used [0x00000000e0000000,0x00000000e0000000,0x00000000e1980000)
  from space 31232K, 99% used [0x00000000e1980000,0x00000000e37fb1c8,0x00000000e3800000)
  to   space 38400K, 0% used [0x00000000e4480000,0x00000000e4480000,0x00000000e6a00000)
 ParOldGen       total 93184K, used 90404K [0x00000000a0000000, 0x00000000a5b00000, 0x00000000e0000000)
  object space 93184K, 97% used [0x00000000a0000000,0x00000000a5849328,0x00000000a5b00000)
 Metaspace       used 82109K, capacity 86514K, committed 86616K, reserved 1124352K
  class space    used 10407K, capacity 11554K, committed 11648K, reserved 1048576K
GC Heap History (10 events):
Event: 8220.337 GC heap after
Heap after GC invocations=73 (full 4):
 PSYoungGen      total 36864K, used 7905K [0x00000000e0000000, 0x00000000e4400000, 0x0000000100000000)
  eden space 28672K, 0% used [0x00000000e0000000,0x00000000e0000000,0x00000000e1c00000)
  from space 8192K, 96% used [0x00000000e1c80000,0x00000000e2438560,0x00000000e2480000)
  to   space 20480K, 0% used [0x00000000e3000000,0x00000000e3000000,0x00000000e4400000)
 ParOldGen       total 93184K, used 75191K [0x00000000a0000000, 0x00000000a5b00000, 0x00000000e0000000)
  object space 93184K, 80% used [0x00000000a0000000,0x00000000a496dc90,0x00000000a5b00000)
 Metaspace       used 80000K, capacity 84390K, committed 84568K, reserved 1122304K
  class space    used 10239K, capacity 11354K, committed 11392K, reserved 1048576K
}
Event: 8222.994 GC heap before
{Heap before GC invocations=74 (full 4):
 PSYoungGen      total 36864K, used 36577K [0x00000000e0000000, 0x00000000e4400000, 0x0000000100000000)
  eden space 28672K, 100% used [0x00000000e0000000,0x00000000e1c00000,0x00000000e1c00000)
  from space 8192K, 96% used [0x00000000e1c80000,0x00000000e2438560,0x00000000e2480000)
  to   space 20480K, 0% used [0x00000000e3000000,0x00000000e3000000,0x00000000e4400000)
 ParOldGen       total 93184K, used 75191K [0x00000000a0000000, 0x00000000a5b00000, 0x00000000e0000000)
  object space 93184K, 80% used [0x00000000a0000000,0x00000000a496dc90,0x00000000a5b00000)
 Metaspace       used 80867K, capacity 85254K, committed 85336K, reserved 1124352K
  class space    used 10302K, capacity 11386K, committed 11392K, reserved 1048576K
Event: 8223.193 GC heap after
Heap after GC invocations=74 (full 4):
 PSYoungGen      total 48128K, used 15764K [0x00000000e0000000, 0x00000000e4b00000, 0x0000000100000000)
  eden space 27648K, 0% used [0x00000000e0000000,0x00000000e0000000,0x00000000e1b00000)
  from space 20480K, 76% used [0x00000000e3000000,0x00000000e3f65150,0x00000000e4400000)
  to   space 21504K, 0% used [0x00000000e1b00000,0x00000000e1b00000,0x00000000e3000000)
 ParOldGen       total 93184K, used 75191K [0x00000000a0000000, 0x00000000a5b00000, 0x00000000e0000000)
  object space 93184K, 80% used [0x00000000a0000000,0x00000000a496dc90,0x00000000a5b00000)
 Metaspace       used 80867K, capacity 85254K, committed 85336K, reserved 1124352K
  class space    used 10302K, capacity 11386K, committed 11392K, reserved 1048576K
}
Event: 8225.004 GC heap before
{Heap before GC invocations=75 (full 4):
 PSYoungGen      total 48128K, used 43412K [0x00000000e0000000, 0x00000000e4b00000, 0x0000000100000000)
  eden space 27648K, 100% used [0x00000000e0000000,0x00000000e1b00000,0x00000000e1b00000)
  from space 20480K, 76% used [0x00000000e3000000,0x00000000e3f65150,0x00000000e4400000)
  to   space 21504K, 0% used [0x00000000e1b00000,0x00000000e1b00000,0x00000000e3000000)
 ParOldGen       total 93184K, used 75191K [0x00000000a0000000, 0x00000000a5b00000, 0x00000000e0000000)
  object space 93184K, 80% used [0x00000000a0000000,0x00000000a496dc90,0x00000000a5b00000)
 Metaspace       used 81202K, capacity 85606K, committed 85720K, reserved 1124352K
  class space    used 10321K, capacity 11418K, committed 11520K, reserved 1048576K
Event: 8225.051 GC heap after
Heap after GC invocations=75 (full 4):
 PSYoungGen      total 49152K, used 21493K [0x00000000e0000000, 0x00000000e5080000, 0x0000000100000000)
  eden space 27648K, 0% used [0x00000000e0000000,0x00000000e0000000,0x00000000e1b00000)
  from space 21504K, 99% used [0x00000000e1b00000,0x00000000e2ffd518,0x00000000e3000000)
  to   space 25088K, 0% used [0x00000000e3800000,0x00000000e3800000,0x00000000e5080000)
 ParOldGen       total 93184K, used 76367K [0x00000000a0000000, 0x00000000a5b00000, 0x00000000e0000000)
  object space 93184K, 81% used [0x00000000a0000000,0x00000000a4a93d08,0x00000000a5b00000)
 Metaspace       used 81202K, capacity 85606K, committed 85720K, reserved 1124352K
  class space    used 10321K, capacity 11418K, committed 11520K, reserved 1048576K
}
Event: 8226.129 GC heap before
{Heap before GC invocations=76 (full 4):
 PSYoungGen      total 49152K, used 49141K [0x00000000e0000000, 0x00000000e5080000, 0x0000000100000000)
  eden space 27648K, 100% used [0x00000000e0000000,0x00000000e1b00000,0x00000000e1b00000)
  from space 21504K, 99% used [0x00000000e1b00000,0x00000000e2ffd518,0x00000000e3000000)
  to   space 25088K, 0% used [0x00000000e3800000,0x00000000e3800000,0x00000000e5080000)
 ParOldGen       total 93184K, used 76367K [0x00000000a0000000, 0x00000000a5b00000, 0x00000000e0000000)
  object space 93184K, 81% used [0x00000000a0000000,0x00000000a4a93d08,0x00000000a5b00000)
 Metaspace       used 82010K, capacity 86450K, committed 86616K, reserved 1124352K
  class space    used 10399K, capacity 11554K, committed 11648K, reserved 1048576K
Event: 8226.446 GC heap after
Heap after GC invocations=76 (full 4):
 PSYoungGen      total 51200K, used 25060K [0x00000000e0000000, 0x00000000e5d80000, 0x0000000100000000)
  eden space 26112K, 0% used [0x00000000e0000000,0x00000000e0000000,0x00000000e1980000)
  from space 25088K, 99% used [0x00000000e3800000,0x00000000e50791b0,0x00000000e5080000)
  to   space 31232K, 0% used [0x00000000e1980000,0x00000000e1980000,0x00000000e3800000)
 ParOldGen       total 93184K, used 84643K [0x00000000a0000000, 0x00000000a5b00000, 0x00000000e0000000)
  object space 93184K, 90% used [0x00000000a0000000,0x00000000a52a8c60,0x00000000a5b00000)
 Metaspace       used 82010K, capacity 86450K, committed 86616K, reserved 1124352K
  class space    used 10399K, capacity 11554K, committed 11648K, reserved 1048576K
}
Event: 8226.855 GC heap before
{Heap before GC invocations=77 (full 4):
 PSYoungGen      total 51200K, used 51172K [0x00000000e0000000, 0x00000000e5d80000, 0x0000000100000000)
  eden space 26112K, 100% used [0x00000000e0000000,0x00000000e1980000,0x00000000e1980000)
  from space 25088K, 99% used [0x00000000e3800000,0x00000000e50791b0,0x00000000e5080000)
  to   space 31232K, 0% used [0x00000000e1980000,0x00000000e1980000,0x00000000e3800000)
 ParOldGen       total 93184K, used 84643K [0x00000000a0000000, 0x00000000a5b00000, 0x00000000e0000000)
  object space 93184K, 90% used [0x00000000a0000000,0x00000000a52a8c60,0x00000000a5b00000)
 Metaspace       used 82109K, capacity 86514K, committed 86616K, reserved 1124352K
  class space    used 10407K, capacity 11554K, committed 11648K, reserved 1048576K
Event: 8226.914 GC heap after
Heap after GC invocations=77 (full 4):
 PSYoungGen      total 57344K, used 31212K [0x00000000e0000000, 0x00000000e6a00000, 0x0000000100000000)
  eden space 26112K, 0% used [0x00000000e0000000,0x00000000e0000000,0x00000000e1980000)
  from space 31232K, 99% used [0x00000000e1980000,0x00000000e37fb1c8,0x00000000e3800000)
  to   space 38400K, 0% used [0x00000000e4480000,0x00000000e4480000,0x00000000e6a00000)
 ParOldGen       total 93184K, used 90404K [0x00000000a0000000, 0x00000000a5b00000, 0x00000000e0000000)
  object space 93184K, 97% used [0x00000000a0000000,0x00000000a5849328,0x00000000a5b00000)
 Metaspace       used 82109K, capacity 86514K, committed 86616K, reserved 1124352K
  class space    used 10407K, capacity 11554K, committed 11648K, reserved 1048576K
}
Event: 8226.914 GC heap before
{Heap before GC invocations=78 (full 5):
 PSYoungGen      total 57344K, used 31212K [0x00000000e0000000, 0x00000000e6a00000, 0x0000000100000000)
  eden space 26112K, 0% used [0x00000000e0000000,0x00000000e0000000,0x00000000e1980000)
  from space 31232K, 99% used [0x00000000e1980000,0x00000000e37fb1c8,0x00000000e3800000)
  to   space 38400K, 0% used [0x00000000e4480000,0x00000000e4480000,0x00000000e6a00000)
 ParOldGen       total 93184K, used 90404K [0x00000000a0000000, 0x00000000a5b00000, 0x00000000e0000000)
  object space 93184K, 97% used [0x00000000a0000000,0x00000000a5849328,0x00000000a5b00000)
 Metaspace       used 82109K, capacity 86514K, committed 86616K, reserved 1124352K
  class space    used 10407K, capacity 11554K, committed 11648K, reserved 1048576K

